{"context":"NestFactory","level":"info","message":"Starting Nest application...","timestamp":"2025-09-06T16:56:25.623Z"}
{"context":"InstanceLoader","level":"info","message":"PrismaModule dependencies initialized","timestamp":"2025-09-06T16:56:26.226Z"}
{"context":"InstanceLoader","level":"info","message":"HttpModule dependencies initialized","timestamp":"2025-09-06T16:56:26.233Z"}
{"context":"InstanceLoader","level":"info","message":"JwtModule dependencies initialized","timestamp":"2025-09-06T16:56:26.234Z"}
{"context":"InstanceLoader","level":"info","message":"AppModule dependencies initialized","timestamp":"2025-09-06T16:56:26.235Z"}
{"context":"InstanceLoader","level":"info","message":"ConfigHostModule dependencies initialized","timestamp":"2025-09-06T16:56:26.236Z"}
{"context":"InstanceLoader","level":"info","message":"LoggingModule dependencies initialized","timestamp":"2025-09-06T16:56:26.236Z"}
{"context":"InstanceLoader","level":"info","message":"ConfigModule dependencies initialized","timestamp":"2025-09-06T16:56:26.237Z"}
{"context":"InstanceLoader","level":"info","message":"ConfigModule dependencies initialized","timestamp":"2025-09-06T16:56:26.237Z"}
{"context":"InstanceLoader","level":"info","message":"NotificationsModule dependencies initialized","timestamp":"2025-09-06T16:56:26.238Z"}
{"context":"InstanceLoader","level":"info","message":"RecaptchaModule dependencies initialized","timestamp":"2025-09-06T16:56:26.239Z"}
{"context":"InstanceLoader","level":"info","message":"UserModule dependencies initialized","timestamp":"2025-09-06T16:56:26.239Z"}
{"context":"InstanceLoader","level":"info","message":"AuthModule dependencies initialized","timestamp":"2025-09-06T16:56:26.240Z"}
{"context":"RoutesResolver","level":"info","message":"AppController {/}:","timestamp":"2025-09-06T16:56:26.245Z"}
{"context":"RouterExplorer","level":"info","message":"Mapped {/, GET} route","timestamp":"2025-09-06T16:56:26.246Z"}
{"context":"RoutesResolver","level":"info","message":"UserController {/users}:","timestamp":"2025-09-06T16:56:26.246Z"}
{"context":"RouterExplorer","level":"info","message":"Mapped {/users, POST} route","timestamp":"2025-09-06T16:56:26.247Z"}
{"context":"RouterExplorer","level":"info","message":"Mapped {/users, GET} route","timestamp":"2025-09-06T16:56:26.247Z"}
{"context":"RouterExplorer","level":"info","message":"Mapped {/users/:id, GET} route","timestamp":"2025-09-06T16:56:26.248Z"}
{"context":"RouterExplorer","level":"info","message":"Mapped {/users/:id, PATCH} route","timestamp":"2025-09-06T16:56:26.248Z"}
{"context":"RouterExplorer","level":"info","message":"Mapped {/users/:id, DELETE} route","timestamp":"2025-09-06T16:56:26.249Z"}
{"context":"RoutesResolver","level":"info","message":"AuthController {/auth}:","timestamp":"2025-09-06T16:56:26.249Z"}
{"context":"RouterExplorer","level":"info","message":"Mapped {/auth/login, POST} route","timestamp":"2025-09-06T16:56:26.250Z"}
{"context":"RouterExplorer","level":"info","message":"Mapped {/auth/request-password-reset, POST} route","timestamp":"2025-09-06T16:56:26.250Z"}
{"context":"RouterExplorer","level":"info","message":"Mapped {/auth/reset-password, POST} route","timestamp":"2025-09-06T16:56:26.250Z"}
{"context":"RouterExplorer","level":"info","message":"Mapped {/auth/logout, POST} route","timestamp":"2025-09-06T16:56:26.251Z"}
{"context":"RoutesResolver","level":"info","message":"NotificationsController {/notifications}:","timestamp":"2025-09-06T16:56:26.251Z"}
{"context":"RouterExplorer","level":"info","message":"Mapped {/notifications, POST} route","timestamp":"2025-09-06T16:56:26.251Z"}
{"context":"RouterExplorer","level":"info","message":"Mapped {/notifications, GET} route","timestamp":"2025-09-06T16:56:26.251Z"}
{"context":"RouterExplorer","level":"info","message":"Mapped {/notifications/:id, GET} route","timestamp":"2025-09-06T16:56:26.252Z"}
{"context":"RouterExplorer","level":"info","message":"Mapped {/notifications/:id/read, PATCH} route","timestamp":"2025-09-06T16:56:26.252Z"}
{"context":"RouterExplorer","level":"info","message":"Mapped {/notifications/:id, DELETE} route","timestamp":"2025-09-06T16:56:26.252Z"}
{"context":"RoutesResolver","level":"info","message":"LoggingController {/log-access}:","timestamp":"2025-09-06T16:56:26.252Z"}
{"context":"RouterExplorer","level":"info","message":"Mapped {/log-access/logs/:directory, GET} route","timestamp":"2025-09-06T16:56:26.252Z"}
{"context":"RouterExplorer","level":"info","message":"Mapped {/log-access/logs/download/*subPath, GET} route","timestamp":"2025-09-06T16:56:26.253Z"}
{"context":"NestApplication","level":"info","message":"Nest application successfully started","timestamp":"2025-09-06T16:56:28.813Z"}
{"context":"NestFactory","level":"info","message":"Starting Nest application...","timestamp":"2025-09-06T16:57:54.072Z"}
{"context":"InstanceLoader","level":"info","message":"PrismaModule dependencies initialized","timestamp":"2025-09-06T16:57:54.089Z"}
{"context":"InstanceLoader","level":"info","message":"HttpModule dependencies initialized","timestamp":"2025-09-06T16:57:54.091Z"}
{"context":"InstanceLoader","level":"info","message":"JwtModule dependencies initialized","timestamp":"2025-09-06T16:57:54.092Z"}
{"context":"InstanceLoader","level":"info","message":"AppModule dependencies initialized","timestamp":"2025-09-06T16:57:54.093Z"}
{"context":"InstanceLoader","level":"info","message":"ConfigHostModule dependencies initialized","timestamp":"2025-09-06T16:57:54.093Z"}
{"context":"InstanceLoader","level":"info","message":"LoggingModule dependencies initialized","timestamp":"2025-09-06T16:57:54.094Z"}
{"context":"InstanceLoader","level":"info","message":"ConfigModule dependencies initialized","timestamp":"2025-09-06T16:57:54.095Z"}
{"context":"InstanceLoader","level":"info","message":"ConfigModule dependencies initialized","timestamp":"2025-09-06T16:57:54.095Z"}
{"context":"InstanceLoader","level":"info","message":"NotificationsModule dependencies initialized","timestamp":"2025-09-06T16:57:54.096Z"}
{"context":"InstanceLoader","level":"info","message":"RecaptchaModule dependencies initialized","timestamp":"2025-09-06T16:57:54.097Z"}
{"context":"InstanceLoader","level":"info","message":"UserModule dependencies initialized","timestamp":"2025-09-06T16:57:54.099Z"}
{"context":"InstanceLoader","level":"info","message":"AuthModule dependencies initialized","timestamp":"2025-09-06T16:57:54.100Z"}
{"context":"RoutesResolver","level":"info","message":"AppController {/}:","timestamp":"2025-09-06T16:57:54.104Z"}
{"context":"RouterExplorer","level":"info","message":"Mapped {/, GET} route","timestamp":"2025-09-06T16:57:54.106Z"}
{"context":"RoutesResolver","level":"info","message":"UserController {/users}:","timestamp":"2025-09-06T16:57:54.106Z"}
{"context":"RouterExplorer","level":"info","message":"Mapped {/users, POST} route","timestamp":"2025-09-06T16:57:54.107Z"}
{"context":"RouterExplorer","level":"info","message":"Mapped {/users, GET} route","timestamp":"2025-09-06T16:57:54.107Z"}
{"context":"RouterExplorer","level":"info","message":"Mapped {/users/:id, GET} route","timestamp":"2025-09-06T16:57:54.108Z"}
{"context":"RouterExplorer","level":"info","message":"Mapped {/users/:id, PATCH} route","timestamp":"2025-09-06T16:57:54.109Z"}
{"context":"RouterExplorer","level":"info","message":"Mapped {/users/:id, DELETE} route","timestamp":"2025-09-06T16:57:54.109Z"}
{"context":"RoutesResolver","level":"info","message":"AuthController {/auth}:","timestamp":"2025-09-06T16:57:54.110Z"}
{"context":"RouterExplorer","level":"info","message":"Mapped {/auth/login, POST} route","timestamp":"2025-09-06T16:57:54.110Z"}
{"context":"RouterExplorer","level":"info","message":"Mapped {/auth/request-password-reset, POST} route","timestamp":"2025-09-06T16:57:54.111Z"}
{"context":"RouterExplorer","level":"info","message":"Mapped {/auth/reset-password, POST} route","timestamp":"2025-09-06T16:57:54.112Z"}
{"context":"RouterExplorer","level":"info","message":"Mapped {/auth/logout, POST} route","timestamp":"2025-09-06T16:57:54.113Z"}
{"context":"RoutesResolver","level":"info","message":"NotificationsController {/notifications}:","timestamp":"2025-09-06T16:57:54.113Z"}
{"context":"RouterExplorer","level":"info","message":"Mapped {/notifications, POST} route","timestamp":"2025-09-06T16:57:54.113Z"}
{"context":"RouterExplorer","level":"info","message":"Mapped {/notifications, GET} route","timestamp":"2025-09-06T16:57:54.114Z"}
{"context":"RouterExplorer","level":"info","message":"Mapped {/notifications/:id, GET} route","timestamp":"2025-09-06T16:57:54.114Z"}
{"context":"RouterExplorer","level":"info","message":"Mapped {/notifications/:id/read, PATCH} route","timestamp":"2025-09-06T16:57:54.114Z"}
{"context":"RouterExplorer","level":"info","message":"Mapped {/notifications/:id, DELETE} route","timestamp":"2025-09-06T16:57:54.115Z"}
{"context":"RoutesResolver","level":"info","message":"LoggingController {/log-access}:","timestamp":"2025-09-06T16:57:54.115Z"}
{"context":"RouterExplorer","level":"info","message":"Mapped {/log-access/logs/:directory, GET} route","timestamp":"2025-09-06T16:57:54.115Z"}
{"context":"RouterExplorer","level":"info","message":"Mapped {/log-access/logs/download/*subPath, GET} route","timestamp":"2025-09-06T16:57:54.115Z"}
{"context":"NestApplication","level":"info","message":"Nest application successfully started","timestamp":"2025-09-06T16:57:56.707Z"}
{"context":"NestFactory","level":"info","message":"Starting Nest application...","timestamp":"2025-09-06T16:59:05.281Z"}
{"context":"InstanceLoader","level":"info","message":"PrismaModule dependencies initialized","timestamp":"2025-09-06T16:59:05.299Z"}
{"context":"InstanceLoader","level":"info","message":"HttpModule dependencies initialized","timestamp":"2025-09-06T16:59:05.301Z"}
{"context":"InstanceLoader","level":"info","message":"JwtModule dependencies initialized","timestamp":"2025-09-06T16:59:05.302Z"}
{"context":"InstanceLoader","level":"info","message":"AppModule dependencies initialized","timestamp":"2025-09-06T16:59:05.304Z"}
{"context":"InstanceLoader","level":"info","message":"ConfigHostModule dependencies initialized","timestamp":"2025-09-06T16:59:05.305Z"}
{"context":"InstanceLoader","level":"info","message":"LoggingModule dependencies initialized","timestamp":"2025-09-06T16:59:05.305Z"}
{"context":"InstanceLoader","level":"info","message":"ConfigModule dependencies initialized","timestamp":"2025-09-06T16:59:05.306Z"}
{"context":"InstanceLoader","level":"info","message":"ConfigModule dependencies initialized","timestamp":"2025-09-06T16:59:05.307Z"}
{"context":"InstanceLoader","level":"info","message":"NotificationsModule dependencies initialized","timestamp":"2025-09-06T16:59:05.308Z"}
{"context":"InstanceLoader","level":"info","message":"RecaptchaModule dependencies initialized","timestamp":"2025-09-06T16:59:05.310Z"}
{"context":"InstanceLoader","level":"info","message":"UserModule dependencies initialized","timestamp":"2025-09-06T16:59:05.310Z"}
{"context":"InstanceLoader","level":"info","message":"AuthModule dependencies initialized","timestamp":"2025-09-06T16:59:05.311Z"}
{"context":"RoutesResolver","level":"info","message":"AppController {/}:","timestamp":"2025-09-06T16:59:05.315Z"}
{"context":"RouterExplorer","level":"info","message":"Mapped {/, GET} route","timestamp":"2025-09-06T16:59:05.317Z"}
{"context":"RoutesResolver","level":"info","message":"UserController {/users}:","timestamp":"2025-09-06T16:59:05.317Z"}
{"context":"RouterExplorer","level":"info","message":"Mapped {/users, POST} route","timestamp":"2025-09-06T16:59:05.319Z"}
{"context":"RouterExplorer","level":"info","message":"Mapped {/users, GET} route","timestamp":"2025-09-06T16:59:05.319Z"}
{"context":"RouterExplorer","level":"info","message":"Mapped {/users/:id, GET} route","timestamp":"2025-09-06T16:59:05.320Z"}
{"context":"RouterExplorer","level":"info","message":"Mapped {/users/:id, PATCH} route","timestamp":"2025-09-06T16:59:05.320Z"}
{"context":"RouterExplorer","level":"info","message":"Mapped {/users/:id, DELETE} route","timestamp":"2025-09-06T16:59:05.321Z"}
{"context":"RoutesResolver","level":"info","message":"AuthController {/auth}:","timestamp":"2025-09-06T16:59:05.321Z"}
{"context":"RouterExplorer","level":"info","message":"Mapped {/auth/login, POST} route","timestamp":"2025-09-06T16:59:05.322Z"}
{"context":"RouterExplorer","level":"info","message":"Mapped {/auth/request-password-reset, POST} route","timestamp":"2025-09-06T16:59:05.322Z"}
{"context":"RouterExplorer","level":"info","message":"Mapped {/auth/reset-password, POST} route","timestamp":"2025-09-06T16:59:05.323Z"}
{"context":"RouterExplorer","level":"info","message":"Mapped {/auth/logout, POST} route","timestamp":"2025-09-06T16:59:05.323Z"}
{"context":"RoutesResolver","level":"info","message":"NotificationsController {/notifications}:","timestamp":"2025-09-06T16:59:05.324Z"}
{"context":"RouterExplorer","level":"info","message":"Mapped {/notifications, POST} route","timestamp":"2025-09-06T16:59:05.324Z"}
{"context":"RouterExplorer","level":"info","message":"Mapped {/notifications, GET} route","timestamp":"2025-09-06T16:59:05.325Z"}
{"context":"RouterExplorer","level":"info","message":"Mapped {/notifications/:id, GET} route","timestamp":"2025-09-06T16:59:05.325Z"}
{"context":"RouterExplorer","level":"info","message":"Mapped {/notifications/:id/read, PATCH} route","timestamp":"2025-09-06T16:59:05.325Z"}
{"context":"RouterExplorer","level":"info","message":"Mapped {/notifications/:id, DELETE} route","timestamp":"2025-09-06T16:59:05.326Z"}
{"context":"RoutesResolver","level":"info","message":"LoggingController {/log-access}:","timestamp":"2025-09-06T16:59:05.326Z"}
{"context":"RouterExplorer","level":"info","message":"Mapped {/log-access/logs/:directory, GET} route","timestamp":"2025-09-06T16:59:05.327Z"}
{"context":"RouterExplorer","level":"info","message":"Mapped {/log-access/logs/download/*subPath, GET} route","timestamp":"2025-09-06T16:59:05.327Z"}
